d:\microsoft visual studio\progs\programm\programm\debug\vc141.pdb
d:\microsoft visual studio\progs\programm\programm\debug\.netframework,version=v4.6.1.assemblyattributes.obj
d:\microsoft visual studio\progs\programm\programm\debug\.netframework,version=v4.6.1.assemblyattributes.asm
d:\microsoft visual studio\progs\programm\programm\debug\window.obj
d:\microsoft visual studio\progs\programm\programm\debug\source.obj
d:\microsoft visual studio\progs\programm\programm\debug\changeform.obj
d:\microsoft visual studio\progs\programm\debug\programm.exe
d:\microsoft visual studio\progs\programm\debug\programm.pdb
d:\microsoft visual studio\progs\programm\programm\debug\programm.window.resources
d:\microsoft visual studio\progs\programm\programm\debug\programm.changeform.resources
d:\microsoft visual studio\progs\programm\programm\debug\programm.vcxproj.generateresource.cache
d:\microsoft visual studio\progs\programm\programm\debug\programm.vcxprojassemblyreference.cache
d:\microsoft visual studio\progs\programm\programm\debug\programm.tlog\cl.command.1.tlog
d:\microsoft visual studio\progs\programm\programm\debug\programm.tlog\cl.read.1.tlog
d:\microsoft visual studio\progs\programm\programm\debug\programm.tlog\cl.write.1.tlog
d:\microsoft visual studio\progs\programm\programm\debug\programm.tlog\link.command.1.tlog
d:\microsoft visual studio\progs\programm\programm\debug\programm.tlog\link.read.1.tlog
d:\microsoft visual studio\progs\programm\programm\debug\programm.tlog\link.write.1.tlog
d:\microsoft visual studio\progs\programm\programm\debug\programm.tlog\metagen.read.1.tlog
d:\microsoft visual studio\progs\programm\programm\debug\programm.tlog\metagen.write.1.tlog
d:\microsoft visual studio\progs\programm\programm\debug\programm.tlog\programm.write.1u.tlog
