d:\microsoft visual studio\progs\accessdatabase\accessdatabase\debug\accessdatabase.mainform.resources
d:\microsoft visual studio\progs\accessdatabase\accessdatabase\debug\accessdatabase.addform.resources
d:\microsoft visual studio\progs\accessdatabase\accessdatabase\debug\accessdatabase.changeform.resources
d:\microsoft visual studio\progs\accessdatabase\accessdatabase\debug\accessdatabase.searchform.resources
d:\microsoft visual studio\progs\accessdatabase\accessdatabase\debug\accessdatabase.resultsearchform.resources
d:\microsoft visual studio\progs\accessdatabase\accessdatabase\debug\accessdatabase.errorform.resources
d:\microsoft visual studio\progs\accessdatabase\accessdatabase\debug\vc141.pdb
d:\microsoft visual studio\progs\accessdatabase\accessdatabase\debug\.netframework,version=v4.6.1.assemblyattributes.obj
d:\microsoft visual studio\progs\accessdatabase\accessdatabase\debug\.netframework,version=v4.6.1.assemblyattributes.asm
d:\microsoft visual studio\progs\accessdatabase\accessdatabase\debug\searchform.obj
d:\microsoft visual studio\progs\accessdatabase\accessdatabase\debug\addform.obj
d:\microsoft visual studio\progs\accessdatabase\accessdatabase\debug\resultsearchform.obj
d:\microsoft visual studio\progs\accessdatabase\accessdatabase\debug\mainform.obj
d:\microsoft visual studio\progs\accessdatabase\accessdatabase\debug\errorform.obj
d:\microsoft visual studio\progs\accessdatabase\accessdatabase\debug\changeform.obj
d:\microsoft visual studio\progs\accessdatabase\debug\accessdatabase.exe
d:\microsoft visual studio\progs\accessdatabase\debug\accessdatabase.pdb
d:\microsoft visual studio\progs\accessdatabase\accessdatabase\debug\accessdatabase.vcxproj.generateresource.cache
d:\microsoft visual studio\progs\accessdatabase\accessdatabase\debug\accessdatabase.vcxprojassemblyreference.cache
d:\microsoft visual studio\progs\accessdatabase\accessdatabase\debug\accessdatabase.tlog\accessdatabase.write.1u.tlog
d:\microsoft visual studio\progs\accessdatabase\accessdatabase\debug\accessdatabase.tlog\cl.command.1.tlog
d:\microsoft visual studio\progs\accessdatabase\accessdatabase\debug\accessdatabase.tlog\cl.read.1.tlog
d:\microsoft visual studio\progs\accessdatabase\accessdatabase\debug\accessdatabase.tlog\cl.write.1.tlog
d:\microsoft visual studio\progs\accessdatabase\accessdatabase\debug\accessdatabase.tlog\link.command.1.tlog
d:\microsoft visual studio\progs\accessdatabase\accessdatabase\debug\accessdatabase.tlog\link.read.1.tlog
d:\microsoft visual studio\progs\accessdatabase\accessdatabase\debug\accessdatabase.tlog\link.write.1.tlog
d:\microsoft visual studio\progs\accessdatabase\accessdatabase\debug\accessdatabase.tlog\metagen.read.1.tlog
d:\microsoft visual studio\progs\accessdatabase\accessdatabase\debug\accessdatabase.tlog\metagen.write.1.tlog
